make --dry-run --always-make --keep-going --print-directory
make: Entering directory `/Users/jsmith/Documents/Cursus/minishell'
gcc    -c -o src/minishell.o src/minishell.c
gcc    -c -o src/environment/environment.o src/environment/environment.c
gcc    -c -o src/parser/parser.o src/parser/parser.c
gcc    -c -o src/errors/error.o src/errors/error.c
gcc    -c -o src/errors/string_errors.o src/errors/string_errors.c
gcc    -c -o src/redirections/redir.o src/redirections/redir.c
gcc    -c -o src/utils/utils.o src/utils/utils.c
gcc    -c -o src/utils/free_things.o src/utils/free_things.c
gcc    -c -o src/dollars/dollars.o src/dollars/dollars.c
gcc    -c -o src/dollars/dollar_value.o src/dollars/dollar_value.c
gcc    -c -o src/builtins/unset.o src/builtins/unset.c
gcc    -c -o src/builtins/export.o src/builtins/export.c
 
gcc    -c -o src/builtins/export_utils.o src/builtins/export_utils.c
gcc    -c -o src/builtins/echo.o src/builtins/echo.c
gcc    -c -o src/builtins/cd.o src/builtins/cd.c
gcc    -c -o src/builtins/pwd.o src/builtins/pwd.c
gcc    -c -o src/builtins/env.o src/builtins/env.c
gcc    -c -o src/builtins/exit.o src/builtins/exit.c
gcc    -c -o src/builtins/check_builtins/check_builtins.o src/builtins/check_builtins/check_builtins.c
gcc    -c -o src/redirections/redir_utils.o src/redirections/redir_utils.c
gcc    -c -o src/execution/execute.o src/execution/execute.c
gcc    -c -o src/execution/binary_manage.o src/execution/binary_manage.c
 
gcc    -c -o src/execution/binary_manage_utils.o src/execution/binary_manage_utils.c
gcc    -c -o src/execution/execute_reddir.o src/execution/execute_reddir.c
gcc    -c -o src/signals/signals.o src/signals/signals.c
 
gcc    -c -o src/pipes/pipes.o src/pipes/pipes.c
gcc    -c -o src/quotes/quotes.o src/quotes/quotes.c
gcc    -c -o src/parser/parser_utils.o src/parser/parser_utils.c
 
make -C include/libraries/Libft/.
gcc  -I /opt/homebrew/opt/readline/include -lreadline -L /opt/homebrew/opt/readline/lib  src/minishell.o src/environment/environment.o src/parser/parser.o src/errors/error.o src/errors/string_errors.o src/redirections/redir.o src/utils/utils.o src/utils/free_things.o src/dollars/dollars.o src/dollars/dollar_value.o src/builtins/unset.o src/builtins/export.o src/builtins/export_utils.o src/builtins/echo.o src/builtins/cd.o src/builtins/pwd.o src/builtins/env.o src/builtins/exit.o src/builtins/check_builtins/check_builtins.o src/redirections/redir_utils.o src/execution/execute.o src/execution/binary_manage.o src/execution/binary_manage_utils.o src/execution/execute_reddir.o src/signals/signals.o src/pipes/pipes.o src/quotes/quotes.o src/parser/parser_utils.o include/libraries/Libft/libft.a include/libraries/Libft/libft.a -I/include/minishell.h -o minishell
make: Leaving directory `/Users/jsmith/Documents/Cursus/minishell'
 
