make all --print-data-base --no-builtin-variables --no-builtin-rules --question
# GNU Make 3.81
# Copyright (C) 2006  Free Software Foundation, Inc.
# This is free software; see the source for copying conditions.
# There is NO warranty; not even for MERCHANTABILITY or FITNESS FOR A
# PARTICULAR PURPOSE.

# This program built for i386-apple-darwin11.3.0
 

# Make data base, printed on Mon Jul 25 22:45:28 2022

# Variables

# makefile (from `Makefile', line 12)
 
FILE_NAME = minishell environment parser error string_errors redir utils free_things dollars dollar_value unset export export_utils echo cd pwd env exit check_builtins redir_utils execute binary_manage binary_manage_utils execute_reddir signals pipes quotes parser_utils
# automatic
<D = $(patsubst %/,%,$(dir $<))
# automatic
?F = $(notdir $?)
# makefile (from `Makefile', line 4)
SRC = $(addsuffix .c, $(SRCS))
# automatic
?D = $(patsubst %/,%,$(dir $?))
# automatic
@D = $(patsubst %/,%,$(dir $@))
# automatic
@F = $(notdir $@)
# makefile
CURDIR := /Users/jsmith/Documents/Cursus/minishell
# makefile
SHELL = /bin/sh
# environment
VSCODE_NLS_CONFIG = {"locale":"es","availableLanguages":{},"_languagePackSupport":true}
# environment
_ = /usr/bin/make
# makefile (from `Makefile', line 1)
MAKEFILE_LIST :=  Makefile
# environment
__CFBundleIdentifier = com.microsoft.VSCode
# makefile (from `Makefile', line 10)
READLINE = -I $(READLINE_PATH)/include -lreadline -L $(READLINE_PATH)/lib 
# environment
VSCODE_CWD = /
# environment
PATH = /usr/local/bin:/usr/bin:/bin:/usr/sbin:/sbin
# environment
ELECTRON_RUN_AS_NODE = 1
# makefile (from `Makefile', line 7)
LIB = include/libraries/Libft/libft.a
# default
.FEATURES := target-specific order-only second-expansion else-if archives jobserver check-symlink
# environment
SSH_AUTH_SOCK = /private/tmp/com.apple.launchd.j9Ifqx0X8M/Listeners
# automatic
%F = $(notdir $%)
# makefile (from `Makefile', line 3)
OBJS = $(SRCS:.c=.o)
# environment
PWD = /Users/jsmith/Documents/Cursus/minishell
# environment
ORIGINAL_XDG_CURRENT_DESKTOP = undefined
# environment
VSCODE_AMD_ENTRYPOINT = vs/workbench/api/node/extensionHostProcess
# environment
HOME = /Users/jsmith
# makefile (from `Makefile', line 9)
READLINE_PATH = /opt/homebrew/opt/readline
# default
MAKEFILEPATH = $(shell /usr/bin/xcode-select -print-path 2>/dev/null || echo /Developer)/Makefiles
# environment
VSCODE_CODE_CACHE_PATH = /Users/jsmith/Library/Application Support/Code/CachedData/3b889b090b5ad5793f524b5d1d39fda662b96a2a
# environment
LOGNAME = jsmith
# environment
APPLICATION_INSIGHTS_NO_DIAGNOSTIC_CHANNEL = true
# environment
VSCODE_HANDLES_UNCAUGHT_ERRORS = true
# automatic
^D = $(patsubst %/,%,$(dir $^))
# environment
XPC_FLAGS = 0x0
# default
MAKE = $(MAKE_COMMAND)
# default
MAKECMDGOALS := all
# makefile (from `Makefile', line 14)
SRCS = src/minishell.c src/environment/environment.c src/parser/parser.c src/errors/error.c src/errors/string_errors.c src/redirections/redir.c src/utils/utils.c src/utils/free_things.c src/dollars/dollars.c src/dollars/dollar_value.c src/builtins/unset.c src/builtins/export.c src/builtins/export_utils.c src/builtins/echo.c src/builtins/cd.c src/builtins/pwd.c src/builtins/env.c src/builtins/exit.c src/builtins/check_builtins/check_builtins.c src/redirections/redir_utils.c src/execution/execute.c src/execution/binary_manage.c src/execution/binary_manage_utils.c src/execution/execute_reddir.c src/signals/signals.c src/pipes/pipes.c src/quotes/quotes.c src/parser/parser_utils.c 
# environment
SHLVL = 1
# makefile (from `Makefile', line 5)
LIBFT = include/libraries/Libft/.
# makefile (from `Makefile', line 1)
CC = gcc
# default
MAKE_VERSION := 3.81
# environment
USER = jsmith
# makefile
.DEFAULT_GOAL := all
# makefile (from `Makefile', line 6)
INCLUDE = /include/minishell.h
# makefile (from `Makefile', line 2)
NAME = minishell
# automatic
%D = $(patsubst %/,%,$(dir $%))
# default
MAKE_COMMAND := /Library/Developer/CommandLineTools/usr/bin/make
# default
.VARIABLES := 
# environment
TMPDIR = /var/folders/c4/8c5kpgw55y3d2fnnw6n0pzyw0000gn/T/
# automatic
*F = $(notdir $*)
# environment
VSCODE_IPC_HOOK = /Users/jsmith/Library/Application Support/Code/1.69.2-main.sock
# environment
MallocNanoZone = 0
# makefile
MAKEFLAGS = Rrqp
# environment
MFLAGS = -Rrqp
# automatic
*D = $(patsubst %/,%,$(dir $*))
# environment
XPC_SERVICE_NAME = application.com.microsoft.VSCode.67081.67087
# automatic
+D = $(patsubst %/,%,$(dir $+))
# automatic
+F = $(notdir $+)
# environment
__CF_USER_TEXT_ENCODING = 0x1F5:0x0:0x8
# environment
COMMAND_MODE = unix2003
# default
MAKEFILES := 
# automatic
<F = $(notdir $<)
# environment
LC_ALL = C
# automatic
^F = $(notdir $^)
# default
SUFFIXES := 
# makefile (from `Makefile', line 11)
 
FLAGS = -g3 -Wall -Wextra -Werror -g -fsanitize=address 
# makefile (from `Makefile', line 8)
LIB_HEADER = include/libraries/Libft/libft.h	
# environment
MAKELEVEL := 0
# environment
LANG = C
# environment
VSCODE_PID = 18692
# variable set hash-table stats:
# Load=70/1024=7%, Rehash=0, Collisions=6/99=6%

# Pattern-specific Variable Values

# No pattern-specific variable values.

# Directories

# . (device 16777234, inode 223537): 13 files, no impossibilities.
# include/libraries/Libft (device 16777234, inode 223617): 108 files, no impossibilities.

# 121 files, no impossibilities in 2 directories.

# Implicit Rules

# No implicit rules.

# Files

# Not a target:
src/minishell.o:
#  Implicit rule search has been done.
#  Last modified 2022-07-24 12:51:42
#  File has been updated.
#  Successfully updated.
# variable set hash-table stats:
# Load=0/32=0%, Rehash=0, Collisions=0/0=0%

# Not a target:
src/builtins/check_builtins/check_builtins.o:
#  Implicit rule search has been done.
#  Last modified 2022-07-24 12:51:42
#  File has been updated.
#  Successfully updated.
# variable set hash-table stats:
# Load=0/32=0%, Rehash=0, Collisions=0/0=0%

# Not a target:
include/libraries/Libft/ft_lstadd_back.c:
#  Implicit rule search has been done.
#  Last modified 2022-07-23 21:38:05
#  File has been updated.
#  Successfully updated.
# variable set hash-table stats:
# Load=0/32=0%, Rehash=0, Collisions=0/0=0%

# Not a target:
src/execution/execute.o:
#  Implicit rule search has been done.
#  Last modified 2022-07-25 22:43:27
#  File has been updated.
#  Successfully updated.
# variable set hash-table stats:
# Load=0/32=0%, Rehash=0, Collisions=0/0=0%

# Not a target:
include/libraries/Libft/ft_putendl_fd.c:
#  Implicit rule search has been done.
#  Last modified 2022-07-23 21:38:05
#  File has been updated.
#  Successfully updated.
# variable set hash-table stats:
# Load=0/32=0%, Rehash=0, Collisions=0/0=0%

# Not a target:
include/libraries/Libft/ft_strmapi.c:
#  Implicit rule search has been done.
#  Last modified 2022-07-23 21:38:05
#  File has been updated.
#  Successfully updated.
# variable set hash-table stats:
# Load=0/32=0%, Rehash=0, Collisions=0/0=0%

# Not a target:
include/libraries/Libft/ft_lstiter.c:
#  Implicit rule search has been done.
#  Last modified 2022-07-23 21:38:05
#  File has been updated.
#  Successfully updated.
# variable set hash-table stats:
# Load=0/32=0%, Rehash=0, Collisions=0/0=0%

# Not a target:
include/libraries/Libft/ft_deletechar.c:
#  Implicit rule search has been done.
#  Last modified 2022-07-23 21:38:05
#  File has been updated.
#  Successfully updated.
# variable set hash-table stats:
# Load=0/32=0%, Rehash=0, Collisions=0/0=0%

# Not a target:
src/builtins/env.o:
#  Implicit rule search has been done.
#  Last modified 2022-07-25 22:43:27
#  File has been updated.
#  Successfully updated.
# variable set hash-table stats:
# Load=0/32=0%, Rehash=0, Collisions=0/0=0%

include/libraries/Libft/libft.a: include/libraries/Libft/ft_atoi.c include/libraries/Libft/ft_bzero.c include/libraries/Libft/ft_calloc.c include/libraries/Libft/ft_deletechar.c include/libraries/Libft/ft_doublefree.c include/libraries/Libft/ft_doublestrdup.c include/libraries/Libft/ft_doublestrlen.c include/libraries/Libft/ft_isalnum.c include/libraries/Libft/ft_isalpha.c include/libraries/Libft/ft_isascii.c include/libraries/Libft/ft_isdigit.c include/libraries/Libft/ft_isprint.c include/libraries/Libft/ft_itoa.c include/libraries/Libft/ft_lstadd_back.c include/libraries/Libft/ft_lstadd_front.c include/libraries/Libft/ft_lstclear.c include/libraries/Libft/ft_lstdelone.c include/libraries/Libft/ft_lstiter.c include/libraries/Libft/ft_lstlast.c include/libraries/Libft/ft_lstmap.c include/libraries/Libft/ft_lstnew.c include/libraries/Libft/ft_lstsize.c include/libraries/Libft/ft_memccpy.c include/libraries/Libft/ft_memchr.c include/libraries/Libft/ft_memcmp.c include/libraries/Libft/ft_memcpy.c include/libraries/Libft/ft_memmove.c include/libraries/Libft/ft_memset.c include/libraries/Libft/ft_num_to_binary.c include/libraries/Libft/ft_putchar_fd.c include/libraries/Libft/ft_putendl_fd.c include/libraries/Libft/ft_putnbr_fd.c include/libraries/Libft/ft_putstr_fd.c include/libraries/Libft/ft_split.c include/libraries/Libft/ft_strchr.c include/libraries/Libft/ft_strchr_pos.c include/libraries/Libft/ft_strdup.c include/libraries/Libft/ft_strjoin.c include/libraries/Libft/ft_strlcat.c include/libraries/Libft/ft_strlcpy.c include/libraries/Libft/ft_strlen.c include/libraries/Libft/ft_strmapi.c include/libraries/Libft/ft_strncmp.c include/libraries/Libft/ft_strnstr.c include/libraries/Libft/ft_strrchr.c include/libraries/Libft/ft_strtrim.c include/libraries/Libft/ft_substr.c include/libraries/Libft/ft_tolower.c include/libraries/Libft/ft_toupper.c include/libraries/Libft/ft_triplefree.c include/libraries/Libft/mini_split.c include/libraries/Libft/mini_split_utils.c
#  Implicit rule search has not been done.
#  Last modified 2022-07-25 22:43:28
#  File has been updated.
#  Successfully updated.
# variable set hash-table stats:
# Load=0/32=0%, Rehash=0, Collisions=0/0=0%
#  commands to execute (from `Makefile', line 46):
	@make -C $(LIBFT)
	

# Not a target:
src/builtins/exit.o:
#  Implicit rule search has been done.
#  Last modified 2022-07-25 22:43:27
#  File has been updated.
#  Successfully updated.
# variable set hash-table stats:
# Load=0/32=0%, Rehash=0, Collisions=0/0=0%

all: minishell
#  Phony target (prerequisite of .PHONY).
#  Command-line target.
#  Implicit rule search has not been done.
#  File does not exist.
#  File has been updated.
#  Successfully updated.
# variable set hash-table stats:
# Load=0/32=0%, Rehash=0, Collisions=0/0=0%

# Not a target:
include/libraries/Libft/ft_memcpy.c:
#  Implicit rule search has been done.
#  Last modified 2022-07-23 21:38:05
#  File has been updated.
#  Successfully updated.
# variable set hash-table stats:
# Load=0/32=0%, Rehash=0, Collisions=0/0=0%

# Not a target:
include/libraries/Libft/ft_itoa.c:
#  Implicit rule search has been done.
#  Last modified 2022-07-23 21:38:05
#  File has been updated.
#  Successfully updated.
# variable set hash-table stats:
# Load=0/32=0%, Rehash=0, Collisions=0/0=0%

.PHONY: all clean fclean re
#  Implicit rule search has not been done.
#  Modification time never checked.
#  File has not been updated.

# Not a target:
include/libraries/Libft/ft_memcmp.c:
#  Implicit rule search has been done.
#  Last modified 2022-07-23 21:38:05
#  File has been updated.
#  Successfully updated.
# variable set hash-table stats:
# Load=0/32=0%, Rehash=0, Collisions=0/0=0%

# Not a target:
src/parser/parser_utils.o:
#  Implicit rule search has been done.
#  Last modified 2022-07-25 22:43:28
 
#  File has been updated.
#  Successfully updated.
# variable set hash-table stats:
# Load=0/32=0%, Rehash=0, Collisions=0/0=0%

# Not a target:
include/libraries/Libft/ft_strlen.c:
#  Implicit rule search has been done.
#  Last modified 2022-07-23 21:38:05
#  File has been updated.
#  Successfully updated.
# variable set hash-table stats:
# Load=0/32=0%, Rehash=0, Collisions=0/0=0%

# Not a target:
include/libraries/Libft/ft_isdigit.c:
#  Implicit rule search has been done.
#  Last modified 2022-07-23 21:38:05
#  File has been updated.
#  Successfully updated.
# variable set hash-table stats:
# Load=0/32=0%, Rehash=0, Collisions=0/0=0%

# Not a target:
include/libraries/Libft/ft_lstlast.c:
#  Implicit rule search has been done.
#  Last modified 2022-07-23 21:38:05
#  File has been updated.
#  Successfully updated.
# variable set hash-table stats:
# Load=0/32=0%, Rehash=0, Collisions=0/0=0%

# Not a target:
src/execution/binary_manage.o:
#  Implicit rule search has been done.
#  Last modified 2022-07-25 22:43:27
#  File has been updated.
#  Successfully updated.
# variable set hash-table stats:
# Load=0/32=0%, Rehash=0, Collisions=0/0=0%

# Not a target:
include/libraries/Libft/ft_memchr.c:
#  Implicit rule search has been done.
#  Last modified 2022-07-23 21:38:05
#  File has been updated.
#  Successfully updated.
# variable set hash-table stats:
# Load=0/32=0%, Rehash=0, Collisions=0/0=0%

# Not a target:
src/dollars/dollar_value.o:
#  Implicit rule search has been done.
#  Last modified 2022-07-25 22:43:27
#  File has been updated.
#  Successfully updated.
# variable set hash-table stats:
# Load=0/32=0%, Rehash=0, Collisions=0/0=0%

# Not a target:
include/libraries/Libft/ft_memset.c:
#  Implicit rule search has been done.
#  Last modified 2022-07-23 21:38:05
#  File has been updated.
#  Successfully updated.
# variable set hash-table stats:
# Load=0/32=0%, Rehash=0, Collisions=0/0=0%

# Not a target:
src/environment/environment.o:
#  Implicit rule search has been done.
#  Last modified 2022-07-25 22:43:27
#  File has been updated.
#  Successfully updated.
# variable set hash-table stats:
# Load=0/32=0%, Rehash=0, Collisions=0/0=0%

# Not a target:
src/builtins/cd.o:
#  Implicit rule search has been done.
#  Last modified 2022-07-25 22:43:27
#  File has been updated.
#  Successfully updated.
# variable set hash-table stats:
# Load=0/32=0%, Rehash=0, Collisions=0/0=0%

# Not a target:
include/libraries/Libft/mini_split.c:
#  Implicit rule search has been done.
#  Last modified 2022-07-23 21:38:05
#  File has been updated.
#  Successfully updated.
# variable set hash-table stats:
# Load=0/32=0%, Rehash=0, Collisions=0/0=0%

# Not a target:
include/libraries/Libft/ft_tolower.c:
#  Implicit rule search has been done.
#  Last modified 2022-07-23 21:38:05
#  File has been updated.
#  Successfully updated.
# variable set hash-table stats:
# Load=0/32=0%, Rehash=0, Collisions=0/0=0%

# Not a target:
include/libraries/Libft/ft_strrchr.c:
#  Implicit rule search has been done.
#  Last modified 2022-07-23 21:38:05
#  File has been updated.
#  Successfully updated.
# variable set hash-table stats:
# Load=0/32=0%, Rehash=0, Collisions=0/0=0%

# Not a target:
.SUFFIXES:
#  Implicit rule search has not been done.
#  Modification time never checked.
#  File has not been updated.

# Not a target:
include/libraries/Libft/ft_split.c:
#  Implicit rule search has been done.
#  Last modified 2022-07-23 21:38:05
#  File has been updated.
#  Successfully updated.
# variable set hash-table stats:
# Load=0/32=0%, Rehash=0, Collisions=0/0=0%

# Not a target:
include/libraries/Libft/ft_lstclear.c:
#  Implicit rule search has been done.
#  Last modified 2022-07-23 21:38:05
#  File has been updated.
#  Successfully updated.
# variable set hash-table stats:
# Load=0/32=0%, Rehash=0, Collisions=0/0=0%

# Not a target:
Makefile:
#  Implicit rule search has been done.
#  Last modified 2022-07-25 22:43:16
#  File has been updated.
#  Successfully updated.
# variable set hash-table stats:
# Load=0/32=0%, Rehash=0, Collisions=0/0=0%

# Not a target:
include/libraries/Libft/ft_strlcat.c:
#  Implicit rule search has been done.
#  Last modified 2022-07-23 21:38:05
#  File has been updated.
#  Successfully updated.
# variable set hash-table stats:
# Load=0/32=0%, Rehash=0, Collisions=0/0=0%

# Not a target:
src/redirections/redir_utils.o:
#  Implicit rule search has been done.
#  Last modified 2022-07-25 22:43:27
#  File has been updated.
#  Successfully updated.
# variable set hash-table stats:
# Load=0/32=0%, Rehash=0, Collisions=0/0=0%
 

# Not a target:
src/pipes/pipes.o:
#  Implicit rule search has been done.
#  Last modified 2022-07-25 22:43:28
#  File has been updated.
#  Successfully updated.
# variable set hash-table stats:
# Load=0/32=0%, Rehash=0, Collisions=0/0=0%

# Not a target:
include/libraries/Libft/ft_bzero.c:
#  Implicit rule search has been done.
#  Last modified 2022-07-23 21:38:05
#  File has been updated.
#  Successfully updated.
# variable set hash-table stats:
# Load=0/32=0%, Rehash=0, Collisions=0/0=0%

# Not a target:
include/libraries/Libft/ft_isprint.c:
#  Implicit rule search has been done.
#  Last modified 2022-07-23 21:38:05
#  File has been updated.
#  Successfully updated.
# variable set hash-table stats:
# Load=0/32=0%, Rehash=0, Collisions=0/0=0%

minishell: src/minishell.o src/environment/environment.o src/parser/parser.o src/errors/error.o src/errors/string_errors.o src/redirections/redir.o src/utils/utils.o src/utils/free_things.o src/dollars/dollars.o src/dollars/dollar_value.o src/builtins/unset.o src/builtins/export.o src/builtins/export_utils.o src/builtins/echo.o src/builtins/cd.o src/builtins/pwd.o src/builtins/env.o src/builtins/exit.o src/builtins/check_builtins/check_builtins.o src/redirections/redir_utils.o src/execution/execute.o src/execution/binary_manage.o src/execution/binary_manage_utils.o src/execution/execute_reddir.o src/signals/signals.o src/pipes/pipes.o src/quotes/quotes.o src/parser/parser_utils.o include/libraries/Libft/libft.a
#  Implicit rule search has not been done.
#  Last modified 2022-07-25 22:43:28
#  File has been updated.
#  Successfully updated.
# variable set hash-table stats:
# Load=0/32=0%, Rehash=0, Collisions=0/0=0%
#  commands to execute (from `Makefile', line 49):
	@$(CC) $(CFLAGS) $(READLINE) $^ $(LIB) -I$(INCLUDE) -o $(NAME)
	

# Not a target:
src/builtins/export_utils.o:
#  Implicit rule search has been done.
#  Last modified 2022-07-25 22:43:27
#  File has been updated.
#  Successfully updated.
# variable set hash-table stats:
# Load=0/32=0%, Rehash=0, Collisions=0/0=0%

# Not a target:
include/libraries/Libft/ft_lstnew.c:
#  Implicit rule search has been done.
#  Last modified 2022-07-23 21:38:05
#  File has been updated.
#  Successfully updated.
# variable set hash-table stats:
# Load=0/32=0%, Rehash=0, Collisions=0/0=0%

fclean: clean
#  Phony target (prerequisite of .PHONY).
#  Implicit rule search has not been done.
#  File does not exist.
#  File has not been updated.
#  commands to execute (from `Makefile', line 57):
	@$(MAKE) fclean -C include/libraries/Libft/
	@$(RM) minishell.dSYM
	@$(RM) $(OBJ)
	@ echo "fclean done"
	

# Not a target:
src/parser/parser.o:
#  Implicit rule search has been done.
#  Last modified 2022-07-25 22:43:27
#  File has been updated.
#  Successfully updated.
# variable set hash-table stats:
# Load=0/32=0%, Rehash=0, Collisions=0/0=0%

# Not a target:
include/libraries/Libft/ft_strjoin.c:
#  Implicit rule search has been done.
#  Last modified 2022-07-23 21:38:05
#  File has been updated.
#  Successfully updated.
# variable set hash-table stats:
# Load=0/32=0%, Rehash=0, Collisions=0/0=0%

# Not a target:
include/libraries/Libft/ft_putnbr_fd.c:
#  Implicit rule search has been done.
#  Last modified 2022-07-23 21:38:05
#  File has been updated.
#  Successfully updated.
# variable set hash-table stats:
# Load=0/32=0%, Rehash=0, Collisions=0/0=0%

# Not a target:
src/signals/signals.o:
#  Implicit rule search has been done.
#  Last modified 2022-07-25 22:43:27
#  File has been updated.
#  Successfully updated.
# variable set hash-table stats:
# Load=0/32=0%, Rehash=0, Collisions=0/0=0%

# Not a target:
include/libraries/Libft/ft_calloc.c:
#  Implicit rule search has been done.
#  Last modified 2022-07-23 21:38:05
#  File has been updated.
#  Successfully updated.
# variable set hash-table stats:
# Load=0/32=0%, Rehash=0, Collisions=0/0=0%

# Not a target:
include/libraries/Libft/ft_substr.c:
#  Implicit rule search has been done.
#  Last modified 2022-07-23 21:38:05
#  File has been updated.
#  Successfully updated.
# variable set hash-table stats:
# Load=0/32=0%, Rehash=0, Collisions=0/0=0%

# Not a target:
src/errors/string_errors.o:
#  Implicit rule search has been done.
#  Last modified 2022-07-25 22:43:27
#  File has been updated.
#  Successfully updated.
# variable set hash-table stats:
# Load=0/32=0%, Rehash=0, Collisions=0/0=0%

# Not a target:
.DEFAULT:
#  Implicit rule search has not been done.
#  Modification time never checked.
#  File has not been updated.

# Not a target:
include/libraries/Libft/ft_doublestrdup.c:
#  Implicit rule search has been done.
#  Last modified 2022-07-23 21:38:05
#  File has been updated.
#  Successfully updated.
# variable set hash-table stats:
# Load=0/32=0%, Rehash=0, Collisions=0/0=0%

# Not a target:
include/libraries/Libft/ft_isalpha.c:
#  Implicit rule search has been done.
#  Last modified 2022-07-23 21:38:05
#  File has been updated.
#  Successfully updated.
# variable set hash-table stats:
# Load=0/32=0%, Rehash=0, Collisions=0/0=0%

# Not a target:
include/libraries/Libft/ft_lstsize.c:
#  Implicit rule search has been done.
#  Last modified 2022-07-23 21:38:05
#  File has been updated.
#  Successfully updated.
# variable set hash-table stats:
# Load=0/32=0%, Rehash=0, Collisions=0/0=0%

# Not a target:
src/builtins/pwd.o:
#  Implicit rule search has been done.
#  Last modified 2022-07-25 22:43:27
#  File has been updated.
 
#  Successfully updated.
# variable set hash-table stats:
# Load=0/32=0%, Rehash=0, Collisions=0/0=0%

# Not a target:
include/libraries/Libft/ft_num_to_binary.c:
#  Implicit rule search has been done.
#  Last modified 2022-07-23 21:38:05
#  File has been updated.
#  Successfully updated.
# variable set hash-table stats:
# Load=0/32=0%, Rehash=0, Collisions=0/0=0%

re: clean all
#  Phony target (prerequisite of .PHONY).
#  Implicit rule search has not been done.
#  File does not exist.
#  File has not been updated.

# Not a target:
include/libraries/Libft/ft_triplefree.c:
#  Implicit rule search has been done.
#  Last modified 2022-07-23 21:38:05
#  File has been updated.
#  Successfully updated.
# variable set hash-table stats:
# Load=0/32=0%, Rehash=0, Collisions=0/0=0%

# Not a target:
src/redirections/redir.o:
#  Implicit rule search has been done.
#  Last modified 2022-07-25 22:43:27
#  File has been updated.
#  Successfully updated.
# variable set hash-table stats:
# Load=0/32=0%, Rehash=0, Collisions=0/0=0%

clean:
#  Phony target (prerequisite of .PHONY).
#  Implicit rule search has not been done.
#  File does not exist.
#  File has not been updated.
#  commands to execute (from `Makefile', line 52):
	@make fclean -C $(LIBFT)
	$(RM) ./*/*/*.o
	@echo "clean done"
	

# Not a target:
src/utils/free_things.o:
#  Implicit rule search has been done.
#  Last modified 2022-07-25 22:43:27
#  File has been updated.
#  Successfully updated.
# variable set hash-table stats:
# Load=0/32=0%, Rehash=0, Collisions=0/0=0%

# Not a target:
include/libraries/Libft/ft_strlcpy.c:
#  Implicit rule search has been done.
#  Last modified 2022-07-23 21:38:05
#  File has been updated.
#  Successfully updated.
# variable set hash-table stats:
# Load=0/32=0%, Rehash=0, Collisions=0/0=0%

# Not a target:
src/builtins/unset.o:
#  Implicit rule search has been done.
#  Last modified 2022-07-25 22:43:27
#  File has been updated.
#  Successfully updated.
# variable set hash-table stats:
# Load=0/32=0%, Rehash=0, Collisions=0/0=0%

# Not a target:
include/libraries/Libft/ft_lstmap.c:
#  Implicit rule search has been done.
#  Last modified 2022-07-23 21:38:05
#  File has been updated.
#  Successfully updated.
# variable set hash-table stats:
# Load=0/32=0%, Rehash=0, Collisions=0/0=0%

# Not a target:
include/libraries/Libft/ft_strncmp.c:
#  Implicit rule search has been done.
#  Last modified 2022-07-23 21:38:05
#  File has been updated.
#  Successfully updated.
# variable set hash-table stats:
# Load=0/32=0%, Rehash=0, Collisions=0/0=0%

# Not a target:
src/utils/utils.o:
#  Implicit rule search has been done.
#  Last modified 2022-07-25 22:43:27
#  File has been updated.
#  Successfully updated.
# variable set hash-table stats:
# Load=0/32=0%, Rehash=0, Collisions=0/0=0%

# Not a target:
include/libraries/Libft/ft_isascii.c:
#  Implicit rule search has been done.
#  Last modified 2022-07-23 21:38:05
#  File has been updated.
#  Successfully updated.
# variable set hash-table stats:
# Load=0/32=0%, Rehash=0, Collisions=0/0=0%

# Not a target:
src/builtins/echo.o:
#  Implicit rule search has been done.
#  Last modified 2022-07-25 22:43:27
#  File has been updated.
#  Successfully updated.
# variable set hash-table stats:
# Load=0/32=0%, Rehash=0, Collisions=0/0=0%

# Not a target:
include/libraries/Libft/ft_isalnum.c:
#  Implicit rule search has been done.
#  Last modified 2022-07-23 21:38:05
#  File has been updated.
#  Successfully updated.
# variable set hash-table stats:
# Load=0/32=0%, Rehash=0, Collisions=0/0=0%

# Not a target:
include/libraries/Libft/ft_strchr_pos.c:
#  Implicit rule search has been done.
#  Last modified 2022-07-23 21:38:05
#  File has been updated.
#  Successfully updated.
# variable set hash-table stats:
# Load=0/32=0%, Rehash=0, Collisions=0/0=0%

# Not a target:
include/libraries/Libft/ft_lstadd_front.c:
#  Implicit rule search has been done.
#  Last modified 2022-07-23 21:38:05
#  File has been updated.
#  Successfully updated.
# variable set hash-table stats:
# Load=0/32=0%, Rehash=0, Collisions=0/0=0%

# Not a target:
include/libraries/Libft/ft_strdup.c:
#  Implicit rule search has been done.
#  Last modified 2022-07-23 21:38:05
#  File has been updated.
#  Successfully updated.
# variable set hash-table stats:
# Load=0/32=0%, Rehash=0, Collisions=0/0=0%

# Not a target:
include/libraries/Libft/ft_lstdelone.c:
#  Implicit rule search has been done.
#  Last modified 2022-07-23 21:38:05
#  File has been updated.
#  Successfully updated.
# variable set hash-table stats:
# Load=0/32=0%, Rehash=0, Collisions=0/0=0%

# Not a target:
src/builtins/export.o:
#  Implicit rule search has been done.
#  Last modified 2022-07-25 22:43:27
#  File has been updated.
#  Successfully updated.
# variable set hash-table stats:
# Load=0/32=0%, Rehash=0, Collisions=0/0=0%

# Not a target:
include/libraries/Libft/ft_memmove.c:
#  Implicit rule search has been done.
#  Last modified 2022-07-23 21:38:05
#  File has been updated.
#  Successfully updated.
# variable set hash-table stats:
# Load=0/32=0%, Rehash=0, Collisions=0/0=0%

# Not a target:
include/libraries/Libft/ft_strchr.c:
#  Implicit rule search has been done.
#  Last modified 2022-07-23 21:38:05
#  File has been updated.
#  Successfully updated.
# variable set hash-table stats:
# Load=0/32=0%, Rehash=0, Collisions=0/0=0%

# Not a target:
src/execution/binary_manage_utils.o:
#  Implicit rule search has been done.
#  Last modified 2022-07-25 22:43:27
#  File has been updated.
#  Successfully updated.
# variable set hash-table stats:
# Load=0/32=0%, Rehash=0, Collisions=0/0=0%

# Not a target:
src/errors/error.o:
#  Implicit rule search has been done.
#  Last modified 2022-07-25 22:43:27
#  File has been updated.
#  Successfully updated.
# variable set hash-table stats:
# Load=0/32=0%, Rehash=0, Collisions=0/0=0%

# Not a target:
include/libraries/Libft/ft_toupper.c:
#  Implicit rule search has been done.
#  Last modified 2022-07-23 21:38:05
#  File has been updated.
#  Successfully updated.
# variable set hash-table stats:
# Load=0/32=0%, Rehash=0, Collisions=0/0=0%

# Not a target:
include/libraries/Libft/ft_strnstr.c:
#  Implicit rule search has been done.
#  Last modified 2022-07-23 21:38:05
#  File has been updated.
#  Successfully updated.
# variable set hash-table stats:
# Load=0/32=0%, Rehash=0, Collisions=0/0=0%

# Not a target:
include/libraries/Libft/mini_split_utils.c:
#  Implicit rule search has been done.
#  Last modified 2022-07-23 21:38:05
#  File has been updated.
#  Successfully updated.
# variable set hash-table stats:
# Load=0/32=0%, Rehash=0, Collisions=0/0=0%

# Not a target:
include/libraries/Libft/ft_putstr_fd.c:
#  Implicit rule search has been done.
#  Last modified 2022-07-23 21:38:05
#  File has been updated.
#  Successfully updated.
# variable set hash-table stats:
# Load=0/32=0%, Rehash=0, Collisions=0/0=0%

# Not a target:
src/dollars/dollars.o:
#  Implicit rule search has been done.
#  Last modified 2022-07-25 22:43:27
#  File has been updated.
#  Successfully updated.
# variable set hash-table stats:
# Load=0/32=0%, Rehash=0, Collisions=0/0=0%

# Not a target:
include/libraries/Libft/ft_memccpy.c:
#  Implicit rule search has been done.
#  Last modified 2022-07-23 21:38:05
#  File has been updated.
#  Successfully updated.
# variable set hash-table stats:
# Load=0/32=0%, Rehash=0, Collisions=0/0=0%

# Not a target:
src/execution/execute_reddir.o:
#  Implicit rule search has been done.
#  Last modified 2022-07-25 22:43:27
#  File has been updated.
#  Successfully updated.
# variable set hash-table stats:
# Load=0/32=0%, Rehash=0, Collisions=0/0=0%

# Not a target:
include/libraries/Libft/ft_putchar_fd.c:
#  Implicit rule search has been done.
#  Last modified 2022-07-23 21:38:05
#  File has been updated.
#  Successfully updated.
# variable set hash-table stats:
# Load=0/32=0%, Rehash=0, Collisions=0/0=0%

# Not a target:
include/libraries/Libft/ft_doublestrlen.c:
#  Implicit rule search has been done.
#  Last modified 2022-07-23 21:38:05
#  File has been updated.
#  Successfully updated.
# variable set hash-table stats:
# Load=0/32=0%, Rehash=0, Collisions=0/0=0%

 
# Not a target:
include/libraries/Libft/ft_atoi.c:
#  Implicit rule search has been done.
#  Last modified 2022-07-23 21:38:05
#  File has been updated.
#  Successfully updated.
# variable set hash-table stats:
# Load=0/32=0%, Rehash=0, Collisions=0/0=0%

# Not a target:
include/libraries/Libft/ft_doublefree.c:
#  Implicit rule search has been done.
#  Last modified 2022-07-23 21:38:05
#  File has been updated.
#  Successfully updated.
# variable set hash-table stats:
# Load=0/32=0%, Rehash=0, Collisions=0/0=0%

# Not a target:
src/quotes/quotes.o:
#  Implicit rule search has been done.
#  Last modified 2022-07-25 22:43:28
#  File has been updated.
#  Successfully updated.
# variable set hash-table stats:
# Load=0/32=0%, Rehash=0, Collisions=0/0=0%

# Not a target:
include/libraries/Libft/ft_strtrim.c:
#  Implicit rule search has been done.
#  Last modified 2022-07-23 21:38:05
#  File has been updated.
#  Successfully updated.
# variable set hash-table stats:
# Load=0/32=0%, Rehash=0, Collisions=0/0=0%

# files hash-table stats:
# Load=90/1024=9%, Rehash=0, Collisions=14/192=7%
# VPATH Search Paths

# No `vpath' search paths.

# No general (`VPATH' variable) search path.

# # of strings in strcache: 1
# # of strcache buffers: 1
# strcache size: total = 4096 / max = 4096 / min = 4096 / avg = 4096
# strcache free: total = 4087 / max = 4087 / min = 4087 / avg = 4087

# Finished Make data base on Mon Jul 25 22:45:28 2022

 
